<?xml version="1.0" encoding="UTF-8"?>
<!-- Generated by org.testng.reporters.JUnitXMLReporter -->
<testsuite hostname="DESKTOP-U3P108B" ignored="0" name="Test" tests="12" failures="2" timestamp="2021-05-10T09:47:19 IST" time="0.11" errors="0">
  <testcase name="credentials" time="0.016" classname="com.Test_NG.My_Test">
    <skipped/>
  </testcase> <!-- credentials -->
  <testcase name="credentials" time="0.0" classname="com.Test_NG.My_Test">
    <skipped/>
  </testcase> <!-- credentials -->
  <testcase name="credentials" time="0.0" classname="com.Test_NG.My_Test">
    <skipped/>
  </testcase> <!-- credentials -->
  <testcase name="credentials" time="0.016" classname="com.Test_NG.My_Test">
    <skipped/>
  </testcase> <!-- credentials -->
  <testcase name="credentials" time="0.0" classname="com.Test_NG.My_Test">
    <skipped/>
  </testcase> <!-- credentials -->
  <testcase name="credentials" time="0.0" classname="com.Test_NG.My_Test">
    <failure type="java.lang.AssertionError" message="expected [Smith] but found [Starc]">
      <![CDATA[java.lang.AssertionError: expected [Smith] but found [Starc]
at com.Test_NG.My_Test.credentials(My_Test.java:14)
at java.util.ArrayList.forEach(Unknown Source)
... Removed 33 stack frames]]>
    </failure>
  </testcase> <!-- credentials -->
  <testcase name="credentials1" time="0.0" classname="com.Test_NG.My_Test">
    <skipped/>
  </testcase> <!-- credentials1 -->
  <testcase name="credentials1" time="0.0" classname="com.Test_NG.My_Test">
    <skipped/>
  </testcase> <!-- credentials1 -->
  <testcase name="credentials1" time="0.0" classname="com.Test_NG.My_Test">
    <skipped/>
  </testcase> <!-- credentials1 -->
  <testcase name="credentials1" time="0.0" classname="com.Test_NG.My_Test">
    <skipped/>
  </testcase> <!-- credentials1 -->
  <testcase name="credentials1" time="0.0" classname="com.Test_NG.My_Test">
    <skipped/>
  </testcase> <!-- credentials1 -->
  <testcase name="credentials1" time="0.0" classname="com.Test_NG.My_Test">
    <failure type="java.lang.AssertionError" message="expected [Smith@123] but found [Starc@123]">
      <![CDATA[java.lang.AssertionError: expected [Smith@123] but found [Starc@123]
at com.Test_NG.My_Test.credentials1(My_Test.java:25)
at java.util.ArrayList.forEach(Unknown Source)
... Removed 33 stack frames]]>
    </failure>
  </testcase> <!-- credentials1 -->
</testsuite> <!-- Test -->
